#
# A fatal error has been detected by the Java Runtime Environment:
#
#  EXCEPTION_ACCESS_VIOLATION (0xc0000005) at pc=0x000000006bb44439, pid=5040, tid=2068
#
# JRE version: Java(TM) SE Runtime Environment (7.0_80-b15) (build 1.7.0_80-b15)
# Java VM: Java HotSpot(TM) 64-Bit Server VM (24.80-b11 mixed mode windows-amd64 compressed oops)
# Problematic frame:
# V  [jvm.dll+0x54439]
#
# Failed to write core dump. Minidumps are not enabled by default on client versions of Windows
#
# If you would like to submit a bug report, please visit:
#   http://bugreport.java.com/bugreport/crash.jsp
#

---------------  T H R E A D  ---------------

Current thread (0x000000000c40c800):  JavaThread "JDWP Transport Listener: dt_socket" daemon [_thread_in_vm, id=2068, stack(0x000000000dff0000,0x000000000e0f0000)]

siginfo: ExceptionCode=0xc0000005, reading address 0x000000000000000c

Registers:
RAX=0x000000000000000c, RBX=0x000000000c40c800, RCX=0x0000000000000003, RDX=0x0000000000000000
RSP=0x000000000e0ef550, RBP=0x000000000000000c, RSI=0x0000000000000000, RDI=0x0000000000000010
R8 =0x00000007d5c9f980, R9 =0x0000000000000000, R10=0x0000000000000000, R11=0x0000000000000001
R12=0x0000000000000000, R13=0x000000000243d5c8, R14=0x0000000000000000, R15=0x0000000000000000
RIP=0x000000006bb44439, EFLAGS=0x0000000000010246

Top of Stack: (sp=0x000000000e0ef550)
0x000000000e0ef550:   000000000c40c800 0000000000000000
0x000000000e0ef560:   0000000000000000 000000000c40c800
0x000000000e0ef570:   0000000000000000 000000006bc0dad7
0x000000000e0ef580:   00000007d5c9f980 000000000e0ef6a0
0x000000000e0ef590:   000000000c423f10 000000000e0ef670
0x000000000e0ef5a0:   000000000c40c800 0000000000000000
0x000000000e0ef5b0:   000000000c423f10 000000000e0ef6a0
0x000000000e0ef5c0:   0000000000000000 000000000243d5c8
0x000000000e0ef5d0:   0000000000000000 0000000074307d15
0x000000000e0ef5e0:   000000000e0ef670 000000000e0ef6a0
0x000000000e0ef5f0:   000000000c423f10 000000000c40c9e8
0x000000000e0ef600:   000000000c45000a 000000007430f090
0x000000000e0ef610:   0000000002010a01 000000000e0ef710
0x000000000e0ef620:   000000000243d101 000000000243d101
0x000000000e0ef630:   00001a1700000013 0000000002010a00
0x000000000e0ef640:   00000000024225f0 000000006bc7ec1a 

Instructions: (pc=0x000000006bb44439)
0x000000006bb44419:   d2 48 8b c5 eb 18 48 8b d0 48 8b c5 48 d3 e2 48
0x000000006bb44429:   03 15 81 64 6a 00 eb 06 48 8b 12 48 8b c7 48 98
0x000000006bb44439:   8b 14 10 85 d2 74 2a 45 84 db 4c 63 c6 48 0f 45
0x000000006bb44449:   fd 8d 47 0b 48 63 c8 48 83 e1 f8 48 c1 e9 03 8d 


Register to memory mapping:

RAX=0x000000000000000c is an unknown value
RBX=0x000000000c40c800 is a thread
RCX=0x0000000000000003 is an unknown value
RDX=0x0000000000000000 is an unknown value
RSP=0x000000000e0ef550 is pointing into the stack for thread: 0x000000000c40c800
RBP=0x000000000000000c is an unknown value
RSI=0x0000000000000000 is an unknown value
RDI=0x0000000000000010 is an unknown value
R8 =0x00000007d5c9f980 is an oop
java.lang.String 
 - klass: 'java/lang/String'
R9 =0x0000000000000000 is an unknown value
R10=0x0000000000000000 is an unknown value
R11=0x0000000000000001 is an unknown value
R12=0x0000000000000000 is an unknown value
R13=0x000000000243d5c8 is an unknown value
R14=0x0000000000000000 is an unknown value
R15=0x0000000000000000 is an unknown value


Stack: [0x000000000dff0000,0x000000000e0f0000],  sp=0x000000000e0ef550,  free space=1021k
Native frames: (J=compiled Java code, j=interpreted, Vv=VM code, C=native code)
V  [jvm.dll+0x54439]


---------------  P R O C E S S  ---------------

Java Threads: ( => current thread )
  0x000000000c43c000 JavaThread "Service Thread" daemon [_thread_blocked, id=3904, stack(0x000000000e830000,0x000000000e930000)]
  0x000000000c431800 JavaThread "C2 CompilerThread1" daemon [_thread_blocked, id=4668, stack(0x000000000e540000,0x000000000e640000)]
  0x000000000c430000 JavaThread "C2 CompilerThread0" daemon [_thread_blocked, id=2740, stack(0x000000000e3c0000,0x000000000e4c0000)]
  0x000000000c41b800 JavaThread "JDWP Command Reader" daemon [_thread_in_native, id=4180, stack(0x000000000e170000,0x000000000e270000)]
  0x000000000c41a800 JavaThread "JDWP Event Helper Thread" daemon [_thread_blocked, id=3988, stack(0x000000000e2c0000,0x000000000e3c0000)]
=>0x000000000c40c800 JavaThread "JDWP Transport Listener: dt_socket" daemon [_thread_in_vm, id=2068, stack(0x000000000dff0000,0x000000000e0f0000)]
  0x000000000c405000 JavaThread "Attach Listener" daemon [_thread_blocked, id=4236, stack(0x000000000d350000,0x000000000d450000)]
  0x000000000c404000 JavaThread "Signal Dispatcher" daemon [_thread_blocked, id=2020, stack(0x000000000d9c0000,0x000000000dac0000)]
  0x000000000b346800 JavaThread "Finalizer" daemon [_thread_blocked, id=4540, stack(0x000000000d7d0000,0x000000000d8d0000)]
  0x00000000024aa800 JavaThread "Reference Handler" daemon [_thread_blocked, id=684, stack(0x000000000d6a0000,0x000000000d7a0000)]
  0x000000000258e800 JavaThread "main" [_thread_blocked, id=3572, stack(0x0000000002870000,0x0000000002970000)]

Other Threads:
  0x000000000b33e000 VMThread [stack: 0x000000000d4b0000,0x000000000d5b0000] [id=4812]
  0x000000000c446800 WatcherThread [stack: 0x000000000e730000,0x000000000e830000] [id=3828]

VM state:not at safepoint (normal execution)

VM Mutex/Monitor currently owned by a thread: None

Heap
 PSYoungGen      total 38400K, used 1997K [0x00000007d5c00000, 0x00000007d8680000, 0x0000000800000000)
  eden space 33280K, 6% used [0x00000007d5c00000,0x00000007d5df3430,0x00000007d7c80000)
  from space 5120K, 0% used [0x00000007d8180000,0x00000007d8180000,0x00000007d8680000)
  to   space 5120K, 0% used [0x00000007d7c80000,0x00000007d7c80000,0x00000007d8180000)
 ParOldGen       total 86528K, used 0K [0x0000000781400000, 0x0000000786880000, 0x00000007d5c00000)
  object space 86528K, 0% used [0x0000000781400000,0x0000000781400000,0x0000000786880000)
 PSPermGen       total 21504K, used 2598K [0x000000077c200000, 0x000000077d700000, 0x0000000781400000)
  object space 21504K, 12% used [0x000000077c200000,0x000000077c489b28,0x000000077d700000)

Card table byte_map: [0x0000000005970000,0x0000000005d90000] byte_map_base: 0x0000000001d8f000

Polling page: 0x0000000000220000

Code Cache  [0x0000000002970000, 0x0000000002be0000, 0x0000000005970000)
 total_blobs=162 nmethods=0 adapters=138 free_code_cache=48774Kb largest_free_block=49944512

Compilation events (0 events):
No events

GC Heap History (0 events):
No events

Deoptimization events (0 events):
No events

Internal exceptions (2 events):
Event: 0.015 Thread 0x000000000258e800 Threw 0x00000007d5c0f690 at C:\re\jdk7u80\2329\hotspot\src\share\vm\prims\jni.cpp:3991
Event: 0.127 Thread 0x000000000258e800 Threw 0x00000007d5c99b80 at C:\re\jdk7u80\2329\hotspot\src\share\vm\prims\jvm.cpp:1319

Events (10 events):
Event: 65.543 Executing VM operation: ChangeSingleStep
Event: 65.543 Executing VM operation: ChangeSingleStep done
Event: 65.543 Executing VM operation: ChangeSingleStep
Event: 65.543 Executing VM operation: ChangeSingleStep done
Event: 65.551 Executing VM operation: GetOrSetLocal
Event: 65.551 Executing VM operation: GetOrSetLocal done
Event: 65.562 Executing VM operation: GetOrSetLocal
Event: 65.562 Executing VM operation: GetOrSetLocal done
Event: 65.562 Executing VM operation: GetOrSetLocal
Event: 65.562 Executing VM operation: GetOrSetLocal done


Dynamic libraries:
0x000000013fb70000 - 0x000000013fba3000 	D:\B_Util\2.Java\JDK1.7\bin\javaw.exe
0x00000000776d0000 - 0x0000000077879000 	C:\Windows\SYSTEM32\ntdll.dll
0x00000000775b0000 - 0x00000000776cf000 	C:\Windows\system32\kernel32.dll
0x000007fefd560000 - 0x000007fefd5cb000 	C:\Windows\system32\KERNELBASE.dll
0x000007fefe1f0000 - 0x000007fefe2cb000 	C:\Windows\system32\ADVAPI32.dll
0x000007feff160000 - 0x000007feff1ff000 	C:\Windows\system32\msvcrt.dll
0x000007feff060000 - 0x000007feff07f000 	C:\Windows\SYSTEM32\sechost.dll
0x000007feff200000 - 0x000007feff32d000 	C:\Windows\system32\RPCRT4.dll
0x00000000774b0000 - 0x00000000775aa000 	C:\Windows\system32\USER32.dll
0x000007fefe020000 - 0x000007fefe087000 	C:\Windows\system32\GDI32.dll
0x000007fefe010000 - 0x000007fefe01e000 	C:\Windows\system32\LPK.dll
0x000007fefda20000 - 0x000007fefdae9000 	C:\Windows\system32\USP10.dll
0x000007fefbca0000 - 0x000007fefbe94000 	C:\Windows\WinSxS\amd64_microsoft.windows.common-controls_6595b64144ccf1df_6.0.7601.17514_none_fa396087175ac9ac\COMCTL32.dll
0x000007fefdb20000 - 0x000007fefdb91000 	C:\Windows\system32\SHLWAPI.dll
0x000007fefdaf0000 - 0x000007fefdb1e000 	C:\Windows\system32\IMM32.DLL
0x000007feff380000 - 0x000007feff489000 	C:\Windows\system32\MSCTF.dll
0x000000006c9d0000 - 0x000000006caa2000 	D:\B_Util\2.Java\JDK1.7\jre\bin\msvcr100.dll
0x000000006baf0000 - 0x000000006c2c9000 	D:\B_Util\2.Java\JDK1.7\jre\bin\server\jvm.dll
0x000007fef8800000 - 0x000007fef8809000 	C:\Windows\system32\WSOCK32.dll
0x000007feff330000 - 0x000007feff37d000 	C:\Windows\system32\WS2_32.dll
0x000007feff490000 - 0x000007feff498000 	C:\Windows\system32\NSI.dll
0x000007fef9810000 - 0x000007fef984b000 	C:\Windows\system32\WINMM.dll
0x00000000778a0000 - 0x00000000778a7000 	C:\Windows\system32\PSAPI.DLL
0x0000000073ea0000 - 0x0000000073eaf000 	D:\B_Util\2.Java\JDK1.7\jre\bin\verify.dll
0x000000006c9a0000 - 0x000000006c9c8000 	D:\B_Util\2.Java\JDK1.7\jre\bin\java.dll
0x0000000074300000 - 0x0000000074335000 	D:\B_Util\2.Java\JDK1.7\jre\bin\jdwp.dll
0x0000000074370000 - 0x0000000074378000 	D:\B_Util\2.Java\JDK1.7\jre\bin\npt.dll
0x000000006c980000 - 0x000000006c996000 	D:\B_Util\2.Java\JDK1.7\jre\bin\zip.dll
0x0000000074360000 - 0x0000000074369000 	D:\B_Util\2.Java\JDK1.7\jre\bin\dt_socket.dll
0x000007fefafd0000 - 0x000007fefafe5000 	C:\Windows\system32\NLAapi.dll
0x000007fef8770000 - 0x000007fef8785000 	C:\Windows\system32\napinsp.dll
0x000007fef8750000 - 0x000007fef8769000 	C:\Windows\system32\pnrpnsp.dll
0x000007fefccc0000 - 0x000007fefcd15000 	C:\Windows\System32\mswsock.dll
0x000007fefcb50000 - 0x000007fefcbab000 	C:\Windows\system32\DNSAPI.dll
0x000007fef8740000 - 0x000007fef874b000 	C:\Windows\System32\winrnr.dll
0x000007fefae70000 - 0x000007fefae97000 	C:\Windows\system32\IPHLPAPI.DLL
0x000007fefae50000 - 0x000007fefae5b000 	C:\Windows\system32\WINNSI.DLL
0x000007fefad10000 - 0x000007fefad63000 	C:\Windows\System32\fwpuclnt.dll
0x000007fefa770000 - 0x000007fefa778000 	C:\Windows\system32\rasadhlp.dll
0x000007fefc6e0000 - 0x000007fefc6e7000 	C:\Windows\System32\wshtcpip.dll
0x000007fef7980000 - 0x000007fef7aa5000 	C:\Windows\system32\dbghelp.dll

VM Arguments:
jvm_args: -agentlib:jdwp=transport=dt_socket,suspend=y,address=localhost:49878 -Dfile.encoding=UTF-8 
java_command: exam.practice_1
Launcher Type: SUN_STANDARD

Environment Variables:
JAVA_HOME=D:\B_Util\2.Java\JDK1.7
PATH=D:\B_Util\2.Java\JDK1.7\jre\bin;D:/B_Util/2.Java/JDK1.7/bin/../jre/bin/server;D:/B_Util/2.Java/JDK1.7/bin/../jre/bin;D:/B_Util/2.Java/JDK1.7/bin/../jre/lib/amd64;D:\B_Util\4.Oracle\appClient;D:\B_Util\4.Oracle\app\oracle\product\11.2.0\server\bin;;C:\Windows\system32;C:\Windows;C:\Windows\System32\Wbem;C:\Windows\System32\WindowsPowerShell\v1.0\;D:\B_Util\2.Java\JDK1.7\bin;;D:\B_Util\3.Eclipse\eclipse;
USERNAME=PC04
OS=Windows_NT
PROCESSOR_IDENTIFIER=Intel64 Family 6 Model 158 Stepping 9, GenuineIntel



---------------  S Y S T E M  ---------------

OS: Windows 7 , 64 bit Build 7601 Service Pack 1

CPU:total 8 (4 cores per cpu, 2 threads per core) family 6 model 158 stepping 9, cmov, cx8, fxsr, mmx, sse, sse2, sse3, ssse3, sse4.1, sse4.2, popcnt, avx, avx2, aes, erms, ht, tsc, tscinvbit

Memory: 4k page, physical 8303844k(5010120k free), swap 16605832k(11269524k free)

vm_info: Java HotSpot(TM) 64-Bit Server VM (24.80-b11) for windows-amd64 JRE (1.7.0_80-b15), built on Apr 10 2015 11:26:34 by "java_re" with unknown MS VC++:1600

time: Thu Oct 11 18:48:20 2018
elapsed time: 65 seconds

